\BOOKMARK [-1][-]{part.1}{I POSL: Parallel Oriented Solver Language}{}% 1
\BOOKMARK [0][-]{chapter.1}{A Parallel-Oriented Language for Modeling Meta-Heuristic-Based Solvers and communication strategies}{part.1}% 2
\BOOKMARK [1][-]{section.1.1}{Introduction}{chapter.1}% 3
\BOOKMARK [2][-]{subsection.1.1.1}{Precedents}{section.1.1}% 4
\BOOKMARK [2][-]{subsection.1.1.2}{POSL}{section.1.1}% 5
\BOOKMARK [1][-]{section.1.2}{Modeling the target benchmark}{chapter.1}% 6
\BOOKMARK [1][-]{section.1.3}{First stage: creating POSL's modules}{chapter.1}% 7
\BOOKMARK [2][-]{subsection.1.3.1}{Computation module}{section.1.3}% 8
\BOOKMARK [2][-]{subsection.1.3.2}{Communication modules}{section.1.3}% 9
\BOOKMARK [1][-]{section.1.4}{Second stage: assembling POSL's modules}{chapter.1}% 10
\BOOKMARK [1][-]{section.1.5}{Third stage: creating POSL solvers}{chapter.1}% 11
\BOOKMARK [1][-]{section.1.6}{Forth stage: connecting solvers}{chapter.1}% 12
\BOOKMARK [1][-]{section.1.7}{Summarize}{chapter.1}% 13
\BOOKMARK [-1][-]{part.2}{II Study and evaluation of POSL}{}% 14
\BOOKMARK [0][-]{chapter.2}{Experiments design and results}{part.2}% 15
\BOOKMARK [1][-]{section.2.1}{Solving the Social Golfers Problem}{chapter.2}% 16
\BOOKMARK [2][-]{subsection.2.1.1}{Problem definition}{section.2.1}% 17
\BOOKMARK [2][-]{subsection.2.1.2}{Experiment design and results}{section.2.1}% 18
\BOOKMARK [1][-]{section.2.2}{Solving the N-Queens Problem}{chapter.2}% 19
\BOOKMARK [2][-]{subsection.2.2.1}{Problem definition}{section.2.2}% 20
\BOOKMARK [2][-]{subsection.2.2.2}{Experiments and results}{section.2.2}% 21
\BOOKMARK [1][-]{section.2.3}{Solving the Costas Array Problem}{chapter.2}% 22
\BOOKMARK [2][-]{subsection.2.3.1}{Problem definition}{section.2.3}% 23
\BOOKMARK [2][-]{subsection.2.3.2}{Experiment design and results}{section.2.3}% 24
\BOOKMARK [1][-]{section.2.4}{Solving the Golomb Ruler Problem}{chapter.2}% 25
\BOOKMARK [2][-]{subsection.2.4.1}{Problem definition}{section.2.4}% 26
\BOOKMARK [2][-]{subsection.2.4.2}{Experiment design and results}{section.2.4}% 27
\BOOKMARK [1][-]{section.2.5}{Summarizing}{chapter.2}% 28
\BOOKMARK [0][-]{chapter.3}{Bibliography}{part.2}% 29
