\BOOKMARK [-1][-]{part.1}{I Description of Thesis}{}% 1
\BOOKMARK [0][-]{chapter.1}{Background and Motivation}{part.1}% 2
\BOOKMARK [1][-]{section.1.1}{Nucleic Acids}{chapter.1}% 3
\BOOKMARK [1][-]{section.1.2}{Fluorescence and Nucleic Acids}{chapter.1}% 4
\BOOKMARK [2][-]{subsection.1.2.1}{Biocompatible Fluorescent Dyes}{section.1.2}% 5
\BOOKMARK [2][-]{subsection.1.2.2}{Fluorescent Nucleobase Analogues}{section.1.2}% 6
\BOOKMARK [2][-]{subsection.1.2.3}{FRET and Nucleic Acids}{section.1.2}% 7
\BOOKMARK [0][-]{chapter.2}{Concepts and Methods}{part.1}% 8
\BOOKMARK [1][-]{section.2.1}{Photophysics of Organic Dyes}{chapter.2}% 9
\BOOKMARK [1][-]{section.2.2}{FRET - F\366rster Resonance Energy Transfer}{chapter.2}% 10
\BOOKMARK [1][-]{section.2.3}{Computational Chemistry}{chapter.2}% 11
\BOOKMARK [2][-]{subsection.2.3.1}{Density Functional Theory.}{section.2.3}% 12
\BOOKMARK [1][-]{section.2.4}{Optical Spectroscopy}{chapter.2}% 13
\BOOKMARK [2][-]{subsection.2.4.1}{Steady-State Spectroscopy}{section.2.4}% 14
\BOOKMARK [2][-]{subsection.2.4.2}{Polarized Spectroscopy}{section.2.4}% 15
\BOOKMARK [2][-]{subsection.2.4.3}{Time-Resolved Emission Spectroscopy}{section.2.4}% 16
\BOOKMARK [1][-]{section.2.5}{Quantitative Data Analysis}{chapter.2}% 17
\BOOKMARK [1][-]{section.2.6}{Making User-Interfaced Software.}{chapter.2}% 18
\BOOKMARK [1][-]{section.2.7}{Experimental Details.}{chapter.2}% 19
\BOOKMARK [0][-]{chapter.3}{Overview ofPublished Work}{part.1}% 20
\BOOKMARK [1][-]{section.3.1}{Paper I}{chapter.3}% 21
\BOOKMARK [1][-]{section.3.2}{Paper II}{chapter.3}% 22
\BOOKMARK [1][-]{section.3.3}{Paper III}{chapter.3}% 23
\BOOKMARK [1][-]{section.3.4}{Paper IV}{chapter.3}% 24
\BOOKMARK [1][-]{section.3.5}{Paper V}{chapter.3}% 25
\BOOKMARK [1][-]{section.3.6}{Paper VI}{chapter.3}% 26
\BOOKMARK [1][-]{section.3.7}{Published Software}{chapter.3}% 27
\BOOKMARK [2][-]{subsection.3.7.1}{FRETmatrix}{section.3.7}% 28
\BOOKMARK [2][-]{subsection.3.7.2}{a|e}{section.3.7}% 29
\BOOKMARK [2][-]{subsection.3.7.3}{FluorFit}{section.3.7}% 30
\BOOKMARK [2][-]{subsection.3.7.4}{AniFit}{section.3.7}% 31
\BOOKMARK [0][-]{chapter.4}{Conclusions and Outlook}{part.1}% 32
\BOOKMARK [1][-]{section.4.1}{Summary}{chapter.4}% 33
\BOOKMARK [1][-]{section.4.2}{Outlook}{chapter.4}% 34
\BOOKMARK [2][-]{subsection.4.2.1}{Novel Fluorescent Base Analogues}{section.4.2}% 35
\BOOKMARK [2][-]{subsection.4.2.2}{Quantitative FRET}{section.4.2}% 36
\BOOKMARK [0][-]{chapter.5}{Acknowledgements}{part.1}% 37
\BOOKMARK [0][-]{chapter*.68}{Bibliography}{part.1}% 38
\BOOKMARK [0][-]{appendix.A}{Appendix}{part.1}% 39
\BOOKMARK [-1][-]{part.2}{II Appended Papers}{}% 40
